loginfo : 2020/03/20 00:32:46 configFileName :  [config- dev]
loginfo : 2020/03/20 00:32:46 logfilename :  [log/ log_sivi.log]
loginfo : 2020/03/20 00:35:37 configFileName :  [config- dev]
loginfo : 2020/03/20 00:35:37 logfilename :  [log/ log_sivi.log]
loginfo : 2020/03/20 00:36:12 configFileName :  [config- dev]
loginfo : 2020/03/20 00:36:12 logfilename :  [log/ log_sivi.log]
loginfo : 2020/03/20 00:44:48 configFileName :  [config- dev]
loginfo : 2020/03/20 00:44:48 logfilename :  [log/ log_sivi.log]
loginfo : 2020/03/20 00:45:49 configFileName :  [config- dev]
loginfo : 2020/03/20 00:45:49 logfilename :  [log/ log_sivi.log]
loginfo : 2020/03/20 00:46:12 configFileName :  [config- dev]
loginfo : 2020/03/20 00:46:12 logfilename :  [log/ log_sivi.log]
loginfo : 2020/03/20 00:46:38 configFileName :  [config- dev]
loginfo : 2020/03/20 00:46:38 logfilename :  [log/ log_sivi.log]
loginfo : 2020/03/20 00:49:43 configFileName :  [config- dev]
loginfo : 2020/03/20 00:49:43 logfilename :  [log/ log_sivi.log]
loginfo : 2020/03/20 00:51:08 configFileName :  [config- dev]
loginfo : 2020/03/20 00:51:08 logfilename :  [log/ log_sivi.log]
loginfo : 2020/03/20 00:51:08 connectionDB Success
loginfo : 2020/03/20 00:51:08 port :  5000
loginfo : 2020/03/20 00:53:47 configFileName :  [config- dev]
loginfo : 2020/03/20 00:53:47 logfilename :  [log/ log_sivi.log]
loginfo : 2020/03/20 00:53:47 db :  postgres
loginfo : 2020/03/20 00:53:47 Name :  localhost
loginfo : 2020/03/20 00:53:47 connectionDB Success
loginfo : 2020/03/20 00:53:47 port :  5000
loginfo : 2020/03/20 00:55:08 configFileName :  [config- dev]
loginfo : 2020/03/20 00:55:08 logfilename :  [log/ log_sivi.log]
loginfo : 2020/03/20 00:55:08 db :  postgres
loginfo : 2020/03/20 00:55:08 Name :  localhost
loginfo : 2020/03/20 00:55:08 connectionDB Success
loginfo : 2020/03/20 00:55:08 App running on port :  5000
loginfo : 2020/03/20 01:00:55 configFileName :  [config- dev]
loginfo : 2020/03/20 01:00:55 logfilename :  [log/ log_sivi.log]
loginfo : 2020/03/20 01:08:08 configFileName :  [config- dev]
loginfo : 2020/03/20 01:08:08 logfilename :  [log/ log_sivi.log]
loginfo : 2020/03/20 01:08:12 db :  postgres
loginfo : 2020/03/20 01:08:12 Name :  herokupgsql
loginfo : 2020/03/20 01:08:12 connectionDB Success
loginfo : 2020/03/20 01:08:12 App running on port :  5000
loginfo : 2020/03/20 01:09:48 configFileName :  [config- dev]
loginfo : 2020/03/20 01:09:48 logfilename :  [log/ log_sivi.log]
loginfo : 2020/03/20 01:09:52 db :  postgres
loginfo : 2020/03/20 01:09:52 Name :  herokupgsql
loginfo : 2020/03/20 01:09:52 connectionDB Success
loginfo : 2020/03/20 01:09:52 App running on port :  5000
loginfo : 2020/04/05 14:01:56 configFileName :  [config- dev]
loginfo : 2020/04/05 14:01:56 logfilename :  [log/ log_sivi.log]
loginfo : 2020/04/05 14:02:22 db :  postgres
loginfo : 2020/04/05 14:02:22 Name :  herokupgsql
loginfo : 2020/04/05 14:02:22 connectionDB Success
loginfo : 2020/04/05 14:02:22 App running on port :  5000
loginfo : 2020/04/05 14:06:35 configFileName :  [config- dev]
loginfo : 2020/04/05 14:06:35 logfilename :  [log/ log_sivi.log]
loginfo : 2020/04/05 14:11:34 configFileName :  [config- dev]
loginfo : 2020/04/05 14:11:34 logfilename :  [log/ log_sivi.log]
loginfo : 2020/04/05 14:13:35 configFileName :  [config- dev]
loginfo : 2020/04/05 14:13:35 logfilename :  [log/ log_sivi.log]
loginfo : 2020/04/05 14:13:35 db :  postgres
loginfo : 2020/04/05 14:13:35 Name :  localhost
loginfo : 2020/04/05 14:13:35 connectionDB Success
loginfo : 2020/04/05 14:13:35 App running on port :  5000
loginfo : 2020/04/05 16:30:01 configFileName :  [config- dev]
loginfo : 2020/04/05 16:30:01 logfilename :  [log/ log_sivi.log]
loginfo : 2020/04/05 16:30:02 db :  postgres
loginfo : 2020/04/05 16:30:02 Name :  localhost
loginfo : 2020/04/05 16:30:02 connectionDB Success
loginfo : 2020/04/05 16:30:02 App running on port :  5000
loginfo : 2020/04/05 16:46:39 configFileName :  [config- dev]
loginfo : 2020/04/05 16:46:39 logfilename :  [log/ log_sivi.log]
loginfo : 2020/04/05 16:46:39 db :  postgres
loginfo : 2020/04/05 16:46:39 Name :  localhost
loginfo : 2020/04/05 16:46:39 connectionDB Success
loginfo : 2020/04/05 16:46:39 App running on port :  5000
loginfo : 2020/04/05 16:49:54 configFileName :  [config- dev]
loginfo : 2020/04/05 16:49:54 logfilename :  [log/ log_sivi.log]
loginfo : 2020/04/05 16:49:54 db :  postgres
loginfo : 2020/04/05 16:49:54 Name :  localhost
loginfo : 2020/04/05 16:49:54 connectionDB Success
loginfo : 2020/04/05 16:49:54 App running on port :  5000
loginfo : 2020/04/05 16:51:10 configFileName :  [config- dev]
loginfo : 2020/04/05 16:51:10 logfilename :  [log/ log_sivi.log]
loginfo : 2020/04/05 16:51:10 db :  postgres
loginfo : 2020/04/05 16:51:10 Name :  localhost
loginfo : 2020/04/05 16:51:10 connectionDB Success
loginfo : 2020/04/05 16:51:10 App running on port :  5000
loginfo : 2020/04/05 16:51:26 configFileName :  [config- dev]
loginfo : 2020/04/05 16:51:26 logfilename :  [log/ log_sivi.log]
loginfo : 2020/04/05 16:51:26 db :  postgres
loginfo : 2020/04/05 16:51:26 Name :  localhost
loginfo : 2020/04/05 16:51:26 connectionDB Success
loginfo : 2020/04/05 16:51:26 App running on port :  5000
loginfo : 2020/04/05 17:27:51 configFileName :  [config- dev]
loginfo : 2020/04/05 17:27:51 logfilename :  [log/ log_sivi.log]
loginfo : 2020/04/05 17:27:51 db :  postgres
loginfo : 2020/04/05 17:27:51 Name :  localhost
loginfo : 2020/04/05 17:27:51 connectionDB Success
loginfo : 2020/04/05 17:27:51 App running on port :  5000
loginfo : 2020/04/05 19:09:14 configFileName :  [config- dev]
loginfo : 2020/04/05 19:09:14 logfilename :  [log/ log_sivi.log]
loginfo : 2020/04/05 19:09:14 db :  postgres
loginfo : 2020/04/05 19:09:14 Name :  localhost
loginfo : 2020/04/05 19:09:14 connectionDB Success
loginfo : 2020/04/05 19:09:14 App running on port :  5000
loginfo : 2020/04/05 19:11:55 configFileName :  [config- dev]
loginfo : 2020/04/05 19:11:55 logfilename :  [log/ log_sivi.log]
loginfo : 2020/04/05 19:11:55 db :  postgres
loginfo : 2020/04/05 19:11:55 Name :  localhost
loginfo : 2020/04/05 19:11:55 connectionDB Success
loginfo : 2020/04/05 19:11:55 App running on port :  5000
loginfo : 2020/04/05 20:28:42 configFileName :  [config- dev]
loginfo : 2020/04/05 20:28:42 logfilename :  [log/ log_sivi.log]
loginfo : 2020/04/05 20:28:42 db :  postgres
loginfo : 2020/04/05 20:28:42 Name :  localhost
loginfo : 2020/04/05 20:28:42 connectionDB Success
loginfo : 2020/04/05 20:28:42 App running on port :  5000
loginfo : 2020/04/05 20:40:24 configFileName :  [config- dev]
loginfo : 2020/04/05 20:40:24 logfilename :  [log/ log_sivi.log]
loginfo : 2020/04/05 20:40:24 db :  postgres
loginfo : 2020/04/05 20:40:24 Name :  localhost
loginfo : 2020/04/05 20:40:24 connectionDB Success
loginfo : 2020/04/05 20:40:24 App running on port :  5000
loginfo : 2020/04/05 20:55:14 configFileName :  [config- dev]
loginfo : 2020/04/05 20:55:14 logfilename :  [log/ log_sivi.log]
loginfo : 2020/04/05 20:55:14 db :  postgres
loginfo : 2020/04/05 20:55:14 Name :  localhost
loginfo : 2020/04/05 20:55:14 connectionDB Success
loginfo : 2020/04/05 20:55:14 App running on port :  5000
loginfo : 2020/04/05 20:56:11 configFileName :  [config- dev]
loginfo : 2020/04/05 20:56:11 logfilename :  [log/ log_sivi.log]
loginfo : 2020/04/05 20:58:34 configFileName :  [config- dev]
loginfo : 2020/04/05 20:58:34 logfilename :  [log/ log_sivi.log]
loginfo : 2020/04/05 20:59:12 configFileName :  [config- dev]
loginfo : 2020/04/05 20:59:12 logfilename :  [log/ log_sivi.log]
loginfo : 2020/04/05 20:59:41 db :  postgres
loginfo : 2020/04/05 20:59:41 Name :  herokupgsql
loginfo : 2020/04/05 20:59:41 connectionDB Success
loginfo : 2020/04/05 20:59:41 App running on port :  5000
loginfo : 2020/04/05 21:37:13 configFileName :  [config- dev]
loginfo : 2020/04/05 21:37:13 logfilename :  [log/ log_sivi.log]
loginfo : 2020/04/05 21:37:38 db :  postgres
loginfo : 2020/04/05 21:37:38 Name :  herokupgsql
loginfo : 2020/04/05 21:37:38 connectionDB Success
loginfo : 2020/04/05 21:37:38 App running on port :  5000
loginfo : 2020/04/05 21:41:13 configFileName :  [config- dev]
loginfo : 2020/04/05 21:41:13 logfilename :  [log/ log_sivi.log]
loginfo : 2020/04/05 21:41:50 configFileName :  [config- dev]
loginfo : 2020/04/05 21:41:50 logfilename :  [log/ log_sivi.log]
loginfo : 2020/04/05 21:41:50 db :  postgres
loginfo : 2020/04/05 21:41:50 Name :  localhost
loginfo : 2020/04/05 21:41:50 connectionDB Success
loginfo : 2020/04/05 21:41:50 App running on port :  5000
loginfo : 2020/04/05 21:59:11 configFileName :  [config- dev]
loginfo : 2020/04/05 21:59:11 logfilename :  [log/ log_sivi.log]
loginfo : 2020/04/05 21:59:11 db :  postgres
loginfo : 2020/04/05 21:59:11 Name :  localhost
loginfo : 2020/04/05 21:59:11 connectionDB Success
loginfo : 2020/04/05 21:59:11 App running on port :  5000
loginfo : 2020/04/05 22:03:29 configFileName :  [config- dev]
loginfo : 2020/04/05 22:03:29 logfilename :  [log/ log_sivi.log]
loginfo : 2020/04/05 22:03:29 db :  postgres
loginfo : 2020/04/05 22:03:29 Name :  localhost
loginfo : 2020/04/05 22:03:29 connectionDB Success
loginfo : 2020/04/05 22:03:29 App running on port :  5000
loginfo : 2020/04/05 22:05:45 configFileName :  [config- dev]
loginfo : 2020/04/05 22:05:45 logfilename :  [log/ log_sivi.log]
loginfo : 2020/04/05 22:05:45 db :  postgres
loginfo : 2020/04/05 22:05:45 Name :  localhost
loginfo : 2020/04/05 22:05:45 connectionDB Success
loginfo : 2020/04/05 22:05:45 App running on port :  5000
loginfo : 2020/04/05 22:08:27 configFileName :  [config- dev]
loginfo : 2020/04/05 22:08:27 logfilename :  [log/ log_sivi.log]
loginfo : 2020/04/05 22:08:27 db :  postgres
loginfo : 2020/04/05 22:08:27 Name :  localhost
loginfo : 2020/04/05 22:08:27 connectionDB Success
loginfo : 2020/04/05 22:08:27 App running on port :  5000
loginfo : 2020/04/05 22:09:56 configFileName :  [config- dev]
loginfo : 2020/04/05 22:09:56 logfilename :  [log/ log_sivi.log]
loginfo : 2020/04/05 22:09:56 db :  postgres
loginfo : 2020/04/05 22:09:56 Name :  localhost
loginfo : 2020/04/05 22:09:56 connectionDB Success
loginfo : 2020/04/05 22:09:56 App running on port :  5000
loginfo : 2020/04/05 22:11:52 configFileName :  [config- dev]
loginfo : 2020/04/05 22:11:52 logfilename :  [log/ log_sivi.log]
loginfo : 2020/04/05 22:11:52 db :  postgres
loginfo : 2020/04/05 22:11:52 Name :  localhost
loginfo : 2020/04/05 22:11:52 connectionDB Success
loginfo : 2020/04/05 22:11:52 App running on port :  5000
loginfo : 2020/04/05 22:23:59 configFileName :  [config- dev]
loginfo : 2020/04/05 22:23:59 logfilename :  [log/ log_sivi.log]
loginfo : 2020/04/05 22:23:59 db :  postgres
loginfo : 2020/04/05 22:23:59 Name :  localhost
loginfo : 2020/04/05 22:23:59 connectionDB Success
loginfo : 2020/04/05 22:23:59 App running on port :  5000
loginfo : 2020/04/06 00:14:26 configFileName :  [config- dev]
loginfo : 2020/04/06 00:14:26 logfilename :  [log/ log_sivi.log]
loginfo : 2020/04/06 00:14:26 db :  postgres
loginfo : 2020/04/06 00:14:26 Name :  localhost
loginfo : 2020/04/06 00:14:26 connectionDB Success
loginfo : 2020/04/06 00:14:26 App running on port :  5000
loginfo : 2020/04/06 00:15:15 configFileName :  [config- dev]
loginfo : 2020/04/06 00:15:15 logfilename :  [log/ log_sivi.log]
loginfo : 2020/04/06 00:15:15 db :  postgres
loginfo : 2020/04/06 00:15:15 Name :  localhost
loginfo : 2020/04/06 00:15:15 connectionDB Success
loginfo : 2020/04/06 00:15:15 App running on port :  5000
loginfo : 2020/04/06 00:18:00 configFileName :  [config- dev]
loginfo : 2020/04/06 00:18:00 logfilename :  [log/ log_sivi.log]
loginfo : 2020/04/06 00:18:00 db :  postgres
loginfo : 2020/04/06 00:18:00 Name :  localhost
loginfo : 2020/04/06 00:18:00 connectionDB Success
loginfo : 2020/04/06 00:18:00 App running on port :  5000
loginfo : 2020/04/06 00:30:03 configFileName :  [config- dev]
loginfo : 2020/04/06 00:30:03 logfilename :  [log/ log_sivi.log]
loginfo : 2020/04/06 00:30:03 db :  postgres
loginfo : 2020/04/06 00:30:03 Name :  localhost
loginfo : 2020/04/06 00:30:03 connectionDB Success
loginfo : 2020/04/06 00:30:03 App running on port :  5000
loginfo : 2020/04/06 00:31:18 configFileName :  [config- dev]
loginfo : 2020/04/06 00:31:18 logfilename :  [log/ log_sivi.log]
loginfo : 2020/04/06 00:31:19 db :  postgres
loginfo : 2020/04/06 00:31:19 Name :  localhost
loginfo : 2020/04/06 00:31:19 connectionDB Success
loginfo : 2020/04/06 00:31:19 App running on port :  5000
loginfo : 2020/04/06 00:56:17 configFileName :  [config- dev]
loginfo : 2020/04/06 00:56:17 logfilename :  [log/ log_sivi.log]
loginfo : 2020/04/06 00:57:30 configFileName :  [config- dev]
loginfo : 2020/04/06 00:57:30 logfilename :  [log/ log_sivi.log]
loginfo : 2020/04/06 00:57:30 db :  postgres
loginfo : 2020/04/06 00:57:30 Name :  herokupgsql
loginfo : 2020/04/06 00:57:30 connectionDB Success
loginfo : 2020/04/06 00:57:30 App running on port :  5000
loginfo : 2020/04/06 01:06:22 configFileName :  [config- dev]
loginfo : 2020/04/06 01:06:22 logfilename :  [log/ log_sivi.log]
loginfo : 2020/04/06 01:06:22 db :  postgres
loginfo : 2020/04/06 01:06:22 Name :  herokupgsql
loginfo : 2020/04/06 01:06:22 connectionDB Success
loginfo : 2020/04/06 01:06:22 App running on port :  5000
loginfo : 2020/04/06 01:07:37 configFileName :  [config- dev]
loginfo : 2020/04/06 01:07:37 logfilename :  [log/ log_sivi.log]
loginfo : 2020/04/06 01:07:37 db :  postgres
loginfo : 2020/04/06 01:07:37 Name :  herokupgsql
loginfo : 2020/04/06 01:07:37 connectionDB Success
loginfo : 2020/04/06 01:07:37 App running on port :  5000
loginfo : 2020/04/06 14:36:54 configFileName :  [config- dev]
loginfo : 2020/04/06 14:36:54 logfilename :  [log/ log_sivi.log]
loginfo : 2020/04/06 14:36:55 db :  postgres
loginfo : 2020/04/06 14:36:55 Name :  herokupgsql
loginfo : 2020/04/06 14:36:55 connectionDB Success
loginfo : 2020/04/06 14:36:55 App running on port :  5000
loginfo : 2020/04/06 14:41:56 configFileName :  [config- dev]
loginfo : 2020/04/06 14:41:56 logfilename :  [log/ log_sivi.log]
loginfo : 2020/04/06 14:41:59 db :  postgres
loginfo : 2020/04/06 14:41:59 Name :  herokupgsql
loginfo : 2020/04/06 14:41:59 connectionDB Success
loginfo : 2020/04/06 14:41:59 App running on port :  5000
